# JRE version: OpenJDK Runtime Environment Temurin-17.0.7+7 (17.0.7+7) (build 17.0.7+7)
# Java VM: OpenJDK 64-Bit Server VM Temurin-17.0.7+7 (17.0.7+7, mixed mode, sharing, tiered, compressed oops, compressed class ptrs, g1 gc, windows-amd64)
GC Precious Log:
 CPUs: 4 total, 4 available
 Memory: 3927M
 Large Page Support: Disabled
 NUMA Support: Disabled
 Compressed Oops: Enabled (32-bit)
 Heap Region Size: 1M
 Heap Min Capacity: 8M
 Heap Initial Capacity: 62M
 Heap Max Capacity: 982M
 Pre-touch: Disabled
 Parallel Workers: 4
 Concurrent Workers: 1
 Concurrent Refinement Workers: 4
 Periodic GC: Disabled
 String Deduplication is enabled
Heap:
 garbage-first heap   total 113664K, used 56887K [0x00000000c2a00000, 0x0000000100000000)
  region size 1024K, 16 young (16384K), 5 survivors (5120K)
 Metaspace       used 27695K, committed 28736K, reserved 1114112K
  class space    used 2832K, committed 3200K, reserved 1048576K
GC Heap History (18 events):
Event: 0.541 GC heap before
{Heap before GC invocations=0 (full 0):
 garbage-first heap   total 63488K, used 13312K [0x00000000c2a00000, 0x0000000100000000)
  region size 1024K, 13 young (13312K), 0 survivors (0K)
 Metaspace       used 2315K, committed 2432K, reserved 1114112K
  class space    used 201K, committed 256K, reserved 1048576K
}
Event: 0.556 GC heap after
{Heap after GC invocations=1 (full 0):
 garbage-first heap   total 63488K, used 4496K [0x00000000c2a00000, 0x0000000100000000)
  region size 1024K, 2 young (2048K), 2 survivors (2048K)
 Metaspace       used 2315K, committed 2432K, reserved 1114112K
  class space    used 201K, committed 256K, reserved 1048576K
}
Event: 0.882 GC heap before
{Heap before GC invocations=1 (full 0):
 garbage-first heap   total 63488K, used 13712K [0x00000000c2a00000, 0x0000000100000000)
  region size 1024K, 10 young (10240K), 2 survivors (2048K)
 Metaspace       used 4103K, committed 4224K, reserved 1114112K
  class space    used 387K, committed 448K, reserved 1048576K
}
Event: 0.896 GC heap after
{Heap after GC invocations=2 (full 0):
 garbage-first heap   total 63488K, used 8434K [0x00000000c2a00000, 0x0000000100000000)
  region size 1024K, 2 young (2048K), 2 survivors (2048K)
 Metaspace       used 4103K, committed 4224K, reserved 1114112K
  class space    used 387K, committed 448K, reserved 1048576K
}
Event: 1.255 GC heap before
{Heap before GC invocations=2 (full 0):
 garbage-first heap   total 63488K, used 29938K [0x00000000c2a00000, 0x0000000100000000)
  region size 1024K, 13 young (13312K), 2 survivors (2048K)
 Metaspace       used 8979K, committed 9216K, reserved 1114112K
  class space    used 914K, committed 1024K, reserved 1048576K
}
Event: 1.260 GC heap after
{Heap after GC invocations=3 (full 0):
 garbage-first heap   total 63488K, used 21939K [0x00000000c2a00000, 0x0000000100000000)
  region size 1024K, 2 young (2048K), 2 survivors (2048K)
 Metaspace       used 8979K, committed 9216K, reserved 1114112K
  class space    used 914K, committed 1024K, reserved 1048576K
}
Event: 1.272 GC heap before
{Heap before GC invocations=3 (full 0):
 garbage-first heap   total 63488K, used 28083K [0x00000000c2a00000, 0x0000000100000000)
  region size 1024K, 4 young (4096K), 2 survivors (2048K)
 Metaspace       used 8980K, committed 9216K, reserved 1114112K
  class space    used 914K, committed 1024K, reserved 1048576K
}
Event: 1.275 GC heap after
{Heap after GC invocations=4 (full 0):
 garbage-first heap   total 63488K, used 22878K [0x00000000c2a00000, 0x0000000100000000)
  region size 1024K, 1 young (1024K), 1 survivors (1024K)
 Metaspace       used 8980K, committed 9216K, reserved 1114112K
  class space    used 914K, committed 1024K, reserved 1048576K
}
Event: 1.344 GC heap before
{Heap before GC invocations=4 (full 0):
 garbage-first heap   total 63488K, used 30046K [0x00000000c2a00000, 0x0000000100000000)
  region size 1024K, 4 young (4096K), 1 survivors (1024K)
 Metaspace       used 9830K, committed 10048K, reserved 1114112K
  class space    used 1007K, committed 1152K, reserved 1048576K
}
Event: 1.347 GC heap after
{Heap after GC invocations=5 (full 0):
 garbage-first heap   total 113664K, used 28752K [0x00000000c2a00000, 0x0000000100000000)
  region size 1024K, 1 young (1024K), 1 survivors (1024K)
 Metaspace       used 9830K, committed 10048K, reserved 1114112K
  class space    used 1007K, committed 1152K, reserved 1048576K
}
Event: 2.490 GC heap before
{Heap before GC invocations=5 (full 0):
 garbage-first heap   total 113664K, used 82000K [0x00000000c2a00000, 0x0000000100000000)
  region size 1024K, 39 young (39936K), 1 survivors (1024K)
 Metaspace       used 13092K, committed 13312K, reserved 1114112K
  class space    used 1305K, committed 1408K, reserved 1048576K
}
Event: 2.503 GC heap after
{Heap after GC invocations=6 (full 0):
 garbage-first heap   total 113664K, used 40142K [0x00000000c2a00000, 0x0000000100000000)
  region size 1024K, 5 young (5120K), 5 survivors (5120K)
 Metaspace       used 13092K, committed 13312K, reserved 1114112K
  class space    used 1305K, committed 1408K, reserved 1048576K
}
Event: 4.315 GC heap before
{Heap before GC invocations=6 (full 0):
 garbage-first heap   total 113664K, used 77006K [0x00000000c2a00000, 0x0000000100000000)
  region size 1024K, 41 young (41984K), 5 survivors (5120K)
 Metaspace       used 15940K, committed 16384K, reserved 1114112K
  class space    used 1592K, committed 1792K, reserved 1048576K
}
Event: 4.338 GC heap after
{Heap after GC invocations=7 (full 0):
 garbage-first heap   total 113664K, used 41353K [0x00000000c2a00000, 0x0000000100000000)
  region size 1024K, 6 young (6144K), 6 survivors (6144K)
 Metaspace       used 15940K, committed 16384K, reserved 1114112K
  class space    used 1592K, committed 1792K, reserved 1048576K
}
Event: 5.289 GC heap before
{Heap before GC invocations=7 (full 0):
 garbage-first heap   total 113664K, used 77193K [0x00000000c2a00000, 0x0000000100000000)
  region size 1024K, 39 young (39936K), 6 survivors (6144K)
 Metaspace       used 20818K, committed 21504K, reserved 1114112K
  class space    used 2089K, committed 2368K, reserved 1048576K
}
Event: 5.302 GC heap after
{Heap after GC invocations=8 (full 0):
 garbage-first heap   total 113664K, used 44813K [0x00000000c2a00000, 0x0000000100000000)
  region size 1024K, 3 young (3072K), 3 survivors (3072K)
 Metaspace       used 20818K, committed 21504K, reserved 1114112K
  class space    used 2089K, committed 2368K, reserved 1048576K
}
Event: 6.453 GC heap before
{Heap before GC invocations=9 (full 0):
 garbage-first heap   total 113664K, used 80653K [0x00000000c2a00000, 0x0000000100000000)
  region size 1024K, 39 young (39936K), 3 survivors (3072K)
 Metaspace       used 25370K, committed 26240K, reserved 1114112K
  class space    used 2538K, committed 2880K, reserved 1048576K
}
Event: 6.461 GC heap after
{Heap after GC invocations=10 (full 0):
 garbage-first heap   total 113664K, used 46647K [0x00000000c2a00000, 0x0000000100000000)
  region size 1024K, 5 young (5120K), 5 survivors (5120K)
 Metaspace       used 25370K, committed 26240K, reserved 1114112K
  class space    used 2538K, committed 2880K, reserved 1048576K
}

